<?xml version="1.0" encoding="UTF-8" standalone="yes" ?>
<test-results name="c:\apps\desbravador\test\Win32\Debug\TestAprender.exe" total="4" errors="0" failures="0" ignored="0" inconclusive="0" not-run="0" skipped="0" invalid="0" date="2016-08-23" time="0.003">
  <culture-info current-culture="en" current-uiculture="en" />
  <test-suite type="Assembly" name="TestAprender.exe" executed="true" result="Success" success="True" time="0.003" asserts="0">
    <results>
        <test-suite type="Namespace" name="uTestIMCCalculator" executed="true" result="Success" success="True" time="0.002" asserts="0" >
          <results>
              <test-suite type="Fixture" name="TTestIMCCalculator" executed="True" result="Success" success="True" time="0.002" >
                <results>
                  <test-case name="Test1" executed="True" result="Success" success="True" time="0.000" asserts="0" />
                  <test-case name="Test2.TestA" executed="True" result="Success" success="True" time="0.000" asserts="0" />
                  <test-case name="Test2.TestB" executed="True" result="Success" success="True" time="0.000" asserts="0" />
                  <test-case name="TesteMeuIMC" executed="True" result="Success" success="True" time="0.001" asserts="0" />
                </results>
              </test-suite>
          </results>
        </test-suite>
    </results>
  </test-suite>
</test-results>
